10:03:57.010 [restartedMain] INFO  c.c.r.RulesMicroserviceApplication - Starting RulesMicroserviceApplication using Java 17.0.1 on LTIN287456 with PID 48612 (C:\Users\2146122\mfpe\rules-microservice\target\classes started by 2146122 in C:\Users\2146122\mfpe\rules-microservice)
10:03:57.018 [restartedMain] INFO  c.c.r.RulesMicroserviceApplication - No active profile set, falling back to 1 default profile: "default"
10:03:57.135 [restartedMain] INFO  o.s.b.d.e.DevToolsPropertyDefaultsPostProcessor - Devtools property defaults active! Set 'spring.devtools.add-properties' to 'false' to disable
10:03:57.136 [restartedMain] INFO  o.s.b.d.e.DevToolsPropertyDefaultsPostProcessor - For additional web related logging consider setting the 'logging.level.web' property to 'DEBUG'
10:03:58.871 [restartedMain] INFO  o.s.cloud.context.scope.GenericScope - BeanFactory id=28b31051-74fe-36f9-9200-8bfb9c190280
10:04:00.148 [restartedMain] INFO  o.s.b.w.e.tomcat.TomcatWebServer - Tomcat initialized with port(s): 8005 (http)
10:04:00.166 [restartedMain] INFO  o.a.coyote.http11.Http11NioProtocol - Initializing ProtocolHandler ["http-nio-8005"]
10:04:00.167 [restartedMain] INFO  o.a.catalina.core.StandardService - Starting service [Tomcat]
10:04:00.167 [restartedMain] INFO  o.a.catalina.core.StandardEngine - Starting Servlet engine: [Apache Tomcat/9.0.65]
10:04:00.315 [restartedMain] INFO  o.a.c.c.C.[Tomcat].[localhost].[/] - Initializing Spring embedded WebApplicationContext
10:04:00.316 [restartedMain] INFO  o.s.b.w.s.c.ServletWebServerApplicationContext - Root WebApplicationContext: initialization completed in 3137 ms
10:04:00.735 [restartedMain] WARN  o.s.b.d.a.OptionalLiveReloadServer - Unable to start LiveReload server
10:04:01.748 [restartedMain] INFO  o.s.c.n.e.c.DiscoveryClientOptionalArgsConfiguration - Eureka HTTP Client uses RestTemplate.
10:04:02.008 [restartedMain] WARN  o.s.c.l.c.LoadBalancerCacheAutoConfiguration$LoadBalancerCaffeineWarnLogger - Spring Cloud LoadBalancer is currently working with the default cache. While this cache implementation is useful for development and tests, it's recommended to use Caffeine cache in production.You can switch to using Caffeine cache, by adding it and org.springframework.cache.caffeine.CaffeineCacheManager to the classpath.
10:04:02.048 [restartedMain] INFO  o.s.c.n.eureka.InstanceInfoFactory - Setting initial instance status as: STARTING
10:04:02.175 [restartedMain] INFO  c.netflix.discovery.DiscoveryClient - Initializing Eureka in region us-east-1
10:04:02.184 [restartedMain] INFO  c.n.d.s.r.aws.ConfigClusterResolver - Resolving eureka endpoints via configuration
10:04:02.220 [restartedMain] INFO  c.netflix.discovery.DiscoveryClient - Disable delta property : false
10:04:02.220 [restartedMain] INFO  c.netflix.discovery.DiscoveryClient - Single vip registry refresh property : null
10:04:02.220 [restartedMain] INFO  c.netflix.discovery.DiscoveryClient - Force full registry fetch : false
10:04:02.220 [restartedMain] INFO  c.netflix.discovery.DiscoveryClient - Application is null : false
10:04:02.220 [restartedMain] INFO  c.netflix.discovery.DiscoveryClient - Registered Applications size is zero : true
10:04:02.220 [restartedMain] INFO  c.netflix.discovery.DiscoveryClient - Application version is -1: true
10:04:02.220 [restartedMain] INFO  c.netflix.discovery.DiscoveryClient - Getting all instance registry info from the eureka server
10:04:02.695 [restartedMain] INFO  c.netflix.discovery.DiscoveryClient - The response status is 200
10:04:02.700 [restartedMain] INFO  c.netflix.discovery.DiscoveryClient - Starting heartbeat executor: renew interval is: 30
10:04:02.704 [restartedMain] INFO  c.n.discovery.InstanceInfoReplicator - InstanceInfoReplicator onDemand update allowed rate per min is 4
10:04:02.714 [restartedMain] INFO  c.netflix.discovery.DiscoveryClient - Discovery Client initialized at timestamp 1661920442712 with initial instances count: 3
10:04:02.716 [restartedMain] INFO  o.s.c.n.e.s.EurekaServiceRegistry - Registering application RULES-MICROSERVICE with eureka with status UP
10:04:02.717 [restartedMain] INFO  c.netflix.discovery.DiscoveryClient - Saw local status change event StatusChangeEvent [timestamp=1661920442717, current=UP, previous=STARTING]
10:04:02.720 [DiscoveryClient-InstanceInfoReplicator-0] INFO  c.netflix.discovery.DiscoveryClient - DiscoveryClient_RULES-MICROSERVICE/LTIN287456.cts.com:rules-microservice:8005: registering service...
10:04:02.720 [restartedMain] INFO  o.a.coyote.http11.Http11NioProtocol - Starting ProtocolHandler ["http-nio-8005"]
10:04:02.752 [restartedMain] INFO  o.s.b.w.e.tomcat.TomcatWebServer - Tomcat started on port(s): 8005 (http) with context path ''
10:04:02.753 [restartedMain] INFO  o.s.c.n.e.s.EurekaAutoServiceRegistration - Updating port to 8005
10:04:02.775 [DiscoveryClient-InstanceInfoReplicator-0] INFO  c.netflix.discovery.DiscoveryClient - DiscoveryClient_RULES-MICROSERVICE/LTIN287456.cts.com:rules-microservice:8005 - registration status: 204
10:04:02.857 [restartedMain] INFO  c.c.r.RulesMicroserviceApplication - Started RulesMicroserviceApplication in 6.831 seconds (JVM running for 8.205)
10:05:40.150 [File Watcher] INFO  o.s.b.d.a.LocalDevToolsAutoConfiguration$RestartingClassPathChangeChangedEventListener - Restarting due to 1 class path change (0 additions, 0 deletions, 1 modification)
10:05:40.154 [Thread-1] INFO  o.s.c.n.e.s.EurekaServiceRegistry - Unregistering application RULES-MICROSERVICE with eureka with status DOWN
10:05:40.154 [Thread-1] INFO  c.netflix.discovery.DiscoveryClient - Saw local status change event StatusChangeEvent [timestamp=1661920540154, current=DOWN, previous=UP]
10:05:40.154 [DiscoveryClient-InstanceInfoReplicator-0] INFO  c.netflix.discovery.DiscoveryClient - DiscoveryClient_RULES-MICROSERVICE/LTIN287456.cts.com:rules-microservice:8005: registering service...
10:05:40.164 [DiscoveryClient-InstanceInfoReplicator-0] INFO  c.netflix.discovery.DiscoveryClient - DiscoveryClient_RULES-MICROSERVICE/LTIN287456.cts.com:rules-microservice:8005 - registration status: 204
10:05:40.178 [Thread-1] INFO  o.a.coyote.http11.Http11NioProtocol - Pausing ProtocolHandler ["http-nio-8005"]
10:05:40.178 [Thread-1] INFO  o.a.catalina.core.StandardService - Stopping service [Tomcat]
10:05:40.191 [Thread-1] INFO  o.a.coyote.http11.Http11NioProtocol - Stopping ProtocolHandler ["http-nio-8005"]
10:05:40.196 [Thread-1] INFO  o.a.coyote.http11.Http11NioProtocol - Destroying ProtocolHandler ["http-nio-8005"]
10:05:40.208 [Thread-1] INFO  c.netflix.discovery.DiscoveryClient - Shutting down DiscoveryClient ...
10:05:43.225 [Thread-1] INFO  c.netflix.discovery.DiscoveryClient - Unregistering ...
10:05:43.238 [Thread-1] INFO  c.netflix.discovery.DiscoveryClient - DiscoveryClient_RULES-MICROSERVICE/LTIN287456.cts.com:rules-microservice:8005 - deregister  status: 200
10:05:43.253 [Thread-1] INFO  c.netflix.discovery.DiscoveryClient - Completed shut down of DiscoveryClient
